c:\users\youngone\documents\personalbackedup\university\term 2\real-time rendering techniques\directx\assimgment\assigment\dx11_cs3s664\debug\dx11proj.pch
c:\users\youngone\documents\personalbackedup\university\term 2\real-time rendering techniques\directx\assimgment\assigment\dx11_cs3s664\debug\vc143.pdb
c:\users\youngone\documents\personalbackedup\university\term 2\real-time rendering techniques\directx\assimgment\assigment\dx11_cs3s664\debug\vc143.idb
c:\users\youngone\documents\personalbackedup\university\term 2\real-time rendering techniques\directx\assimgment\assigment\dx11_cs3s664\debug\stdafx.obj
c:\users\youngone\documents\personalbackedup\university\term 2\real-time rendering techniques\directx\assimgment\assigment\dx11_cs3s664\debug\terrain.obj
c:\users\youngone\documents\personalbackedup\university\term 2\real-time rendering techniques\directx\assimgment\assigment\dx11_cs3s664\debug\mesh.obj
c:\users\youngone\documents\personalbackedup\university\term 2\real-time rendering techniques\directx\assimgment\assigment\dx11_cs3s664\debug\material.obj
c:\users\youngone\documents\personalbackedup\university\term 2\real-time rendering techniques\directx\assimgment\assigment\dx11_cs3s664\debug\main.obj
c:\users\youngone\documents\personalbackedup\university\term 2\real-time rendering techniques\directx\assimgment\assigment\dx11_cs3s664\debug\gumemory.obj
c:\users\youngone\documents\personalbackedup\university\term 2\real-time rendering techniques\directx\assimgment\assigment\dx11_cs3s664\debug\cgdclock.obj
c:\users\youngone\documents\personalbackedup\university\term 2\real-time rendering techniques\directx\assimgment\assigment\dx11_cs3s664\debug\system.obj
c:\users\youngone\documents\personalbackedup\university\term 2\real-time rendering techniques\directx\assimgment\assigment\dx11_cs3s664\debug\scene.obj
c:\users\youngone\documents\personalbackedup\university\term 2\real-time rendering techniques\directx\assimgment\assigment\dx11_cs3s664\debug\quad.obj
c:\users\youngone\documents\personalbackedup\university\term 2\real-time rendering techniques\directx\assimgment\assigment\dx11_cs3s664\debug\particlesystem.obj
c:\users\youngone\documents\personalbackedup\university\term 2\real-time rendering techniques\directx\assimgment\assigment\dx11_cs3s664\debug\model.obj
c:\users\youngone\documents\personalbackedup\university\term 2\real-time rendering techniques\directx\assimgment\assigment\dx11_cs3s664\debug\grid.obj
c:\users\youngone\documents\personalbackedup\university\term 2\real-time rendering techniques\directx\assimgment\assigment\dx11_cs3s664\debug\firstpersoncamera.obj
c:\users\youngone\documents\personalbackedup\university\term 2\real-time rendering techniques\directx\assimgment\assigment\dx11_cs3s664\debug\cgdconsole.obj
c:\users\youngone\documents\personalbackedup\university\term 2\real-time rendering techniques\directx\assimgment\assigment\dx11_cs3s664\debug\effect.obj
c:\users\youngone\documents\personalbackedup\university\term 2\real-time rendering techniques\directx\assimgment\assigment\dx11_cs3s664\debug\camera.obj
c:\users\youngone\documents\personalbackedup\university\term 2\real-time rendering techniques\directx\assimgment\assigment\dx11_cs3s664\debug\box.obj
c:\users\youngone\documents\personalbackedup\university\term 2\real-time rendering techniques\directx\assimgment\assigment\dx11_cs3s664\debug\blurutility.obj
c:\users\youngone\documents\personalbackedup\university\term 2\real-time rendering techniques\directx\assimgment\assigment\dx11_cs3s664\debug\basemodel.obj
c:\users\youngone\documents\personalbackedup\university\term 2\real-time rendering techniques\directx\assimgment\assigment\dx11_cs3s664\debug\animation.obj
c:\users\youngone\documents\personalbackedup\university\term 2\real-time rendering techniques\directx\assimgment\assigment\dx11_cs3s664\debug\utils.obj
c:\users\youngone\documents\personalbackedup\university\term 2\real-time rendering techniques\directx\assimgment\assigment\dx11_cs3s664\debug\triangle.obj
c:\users\youngone\documents\personalbackedup\university\term 2\real-time rendering techniques\directx\assimgment\assigment\dx11_cs3s664\debug\texture.obj
c:\users\youngone\documents\personalbackedup\university\term 2\real-time rendering techniques\directx\assimgment\assigment\dx11_cs3s664 - completed\debug\dx11proj.pch
c:\users\youngone\documents\personalbackedup\university\term 2\real-time rendering techniques\directx\assimgment\assigment\dx11_cs3s664 - completed\debug\vc143.pdb
c:\users\youngone\documents\personalbackedup\university\term 2\real-time rendering techniques\directx\assimgment\assigment\dx11_cs3s664 - completed\debug\vc143.idb
c:\users\youngone\documents\personalbackedup\university\term 2\real-time rendering techniques\directx\assimgment\assigment\dx11_cs3s664 - completed\debug\stdafx.obj
c:\users\youngone\documents\personalbackedup\university\term 2\real-time rendering techniques\directx\assimgment\assigment\dx11_cs3s664 - completed\debug\terrain.obj
c:\users\youngone\documents\personalbackedup\university\term 2\real-time rendering techniques\directx\assimgment\assigment\dx11_cs3s664 - completed\debug\mesh.obj
c:\users\youngone\documents\personalbackedup\university\term 2\real-time rendering techniques\directx\assimgment\assigment\dx11_cs3s664 - completed\debug\material.obj
c:\users\youngone\documents\personalbackedup\university\term 2\real-time rendering techniques\directx\assimgment\assigment\dx11_cs3s664 - completed\debug\main.obj
c:\users\youngone\documents\personalbackedup\university\term 2\real-time rendering techniques\directx\assimgment\assigment\dx11_cs3s664 - completed\debug\gumemory.obj
c:\users\youngone\documents\personalbackedup\university\term 2\real-time rendering techniques\directx\assimgment\assigment\dx11_cs3s664 - completed\debug\cgdclock.obj
c:\users\youngone\documents\personalbackedup\university\term 2\real-time rendering techniques\directx\assimgment\assigment\dx11_cs3s664 - completed\debug\system.obj
c:\users\youngone\documents\personalbackedup\university\term 2\real-time rendering techniques\directx\assimgment\assigment\dx11_cs3s664 - completed\debug\scene.obj
c:\users\youngone\documents\personalbackedup\university\term 2\real-time rendering techniques\directx\assimgment\assigment\dx11_cs3s664 - completed\debug\quad.obj
c:\users\youngone\documents\personalbackedup\university\term 2\real-time rendering techniques\directx\assimgment\assigment\dx11_cs3s664 - completed\debug\particlesystem.obj
c:\users\youngone\documents\personalbackedup\university\term 2\real-time rendering techniques\directx\assimgment\assigment\dx11_cs3s664 - completed\debug\model.obj
c:\users\youngone\documents\personalbackedup\university\term 2\real-time rendering techniques\directx\assimgment\assigment\dx11_cs3s664 - completed\debug\grid.obj
c:\users\youngone\documents\personalbackedup\university\term 2\real-time rendering techniques\directx\assimgment\assigment\dx11_cs3s664 - completed\debug\firstpersoncamera.obj
c:\users\youngone\documents\personalbackedup\university\term 2\real-time rendering techniques\directx\assimgment\assigment\dx11_cs3s664 - completed\debug\cgdconsole.obj
c:\users\youngone\documents\personalbackedup\university\term 2\real-time rendering techniques\directx\assimgment\assigment\dx11_cs3s664 - completed\debug\effect.obj
c:\users\youngone\documents\personalbackedup\university\term 2\real-time rendering techniques\directx\assimgment\assigment\dx11_cs3s664 - completed\debug\camera.obj
c:\users\youngone\documents\personalbackedup\university\term 2\real-time rendering techniques\directx\assimgment\assigment\dx11_cs3s664 - completed\debug\box.obj
c:\users\youngone\documents\personalbackedup\university\term 2\real-time rendering techniques\directx\assimgment\assigment\dx11_cs3s664 - completed\debug\blurutility.obj
c:\users\youngone\documents\personalbackedup\university\term 2\real-time rendering techniques\directx\assimgment\assigment\dx11_cs3s664 - completed\debug\basemodel.obj
c:\users\youngone\documents\personalbackedup\university\term 2\real-time rendering techniques\directx\assimgment\assigment\dx11_cs3s664 - completed\debug\animation.obj
c:\users\youngone\documents\personalbackedup\university\term 2\real-time rendering techniques\directx\assimgment\assigment\dx11_cs3s664 - completed\debug\utils.obj
c:\users\youngone\documents\personalbackedup\university\term 2\real-time rendering techniques\directx\assimgment\assigment\dx11_cs3s664 - completed\debug\triangle.obj
c:\users\youngone\documents\personalbackedup\university\term 2\real-time rendering techniques\directx\assimgment\assigment\dx11_cs3s664 - completed\debug\texture.obj
c:\users\youngone\documents\personalbackedup\university\term 2\real-time rendering techniques\directx\assimgment\assigment\dx11_cs3s664\shaders\cso\basic_colour_ps.cso
c:\users\youngone\documents\personalbackedup\university\term 2\real-time rendering techniques\directx\assimgment\assigment\dx11_cs3s664\shaders\cso\basic_colour_vs.cso
c:\users\youngone\documents\personalbackedup\university\term 2\real-time rendering techniques\directx\assimgment\assigment\dx11_cs3s664\shaders\cso\basic_lighting_vs.cso
c:\users\youngone\documents\personalbackedup\university\term 2\real-time rendering techniques\directx\assimgment\assigment\dx11_cs3s664\shaders\cso\basic_texture_ps.cso
c:\users\youngone\documents\personalbackedup\university\term 2\real-time rendering techniques\directx\assimgment\assigment\dx11_cs3s664\shaders\cso\basic_texture_vs.cso
c:\users\youngone\documents\personalbackedup\university\term 2\real-time rendering techniques\directx\assimgment\assigment\dx11_cs3s664\shaders\cso\convolve_u_ps.cso
c:\users\youngone\documents\personalbackedup\university\term 2\real-time rendering techniques\directx\assimgment\assigment\dx11_cs3s664\shaders\cso\convolve_v_ps.cso
c:\users\youngone\documents\personalbackedup\university\term 2\real-time rendering techniques\directx\assimgment\assigment\dx11_cs3s664\shaders\cso\copy_depth_ps.cso
c:\users\youngone\documents\personalbackedup\university\term 2\real-time rendering techniques\directx\assimgment\assigment\dx11_cs3s664\shaders\cso\copy_ps.cso
c:\users\youngone\documents\personalbackedup\university\term 2\real-time rendering techniques\directx\assimgment\assigment\dx11_cs3s664\shaders\cso\emissive_ps.cso
c:\users\youngone\documents\personalbackedup\university\term 2\real-time rendering techniques\directx\assimgment\assigment\dx11_cs3s664\shaders\cso\fire_ps.cso
c:\users\youngone\documents\personalbackedup\university\term 2\real-time rendering techniques\directx\assimgment\assigment\dx11_cs3s664\shaders\cso\fire_vs.cso
c:\users\youngone\documents\personalbackedup\university\term 2\real-time rendering techniques\directx\assimgment\assigment\dx11_cs3s664\shaders\cso\grass_ps.cso
c:\users\youngone\documents\personalbackedup\university\term 2\real-time rendering techniques\directx\assimgment\assigment\dx11_cs3s664\shaders\cso\grass_vs.cso
c:\users\youngone\documents\personalbackedup\university\term 2\real-time rendering techniques\directx\assimgment\assigment\dx11_cs3s664\shaders\cso\normal_map_ppl_ps.cso
c:\users\youngone\documents\personalbackedup\university\term 2\real-time rendering techniques\directx\assimgment\assigment\dx11_cs3s664\shaders\cso\normal_map_ppl_vs.cso
c:\users\youngone\documents\personalbackedup\university\term 2\real-time rendering techniques\directx\assimgment\assigment\dx11_cs3s664\shaders\cso\ocean_ps.cso
c:\users\youngone\documents\personalbackedup\university\term 2\real-time rendering techniques\directx\assimgment\assigment\dx11_cs3s664\shaders\cso\ocean_vs.cso
c:\users\youngone\documents\personalbackedup\university\term 2\real-time rendering techniques\directx\assimgment\assigment\dx11_cs3s664\shaders\cso\per_pixel_lighting_ps.cso
c:\users\youngone\documents\personalbackedup\university\term 2\real-time rendering techniques\directx\assimgment\assigment\dx11_cs3s664\shaders\cso\per_pixel_lighting_vs.cso
c:\users\youngone\documents\personalbackedup\university\term 2\real-time rendering techniques\directx\assimgment\assigment\dx11_cs3s664\shaders\cso\reflection_map_ps.cso
c:\users\youngone\documents\personalbackedup\university\term 2\real-time rendering techniques\directx\assimgment\assigment\dx11_cs3s664\shaders\cso\reflection_map_vs.cso
c:\users\youngone\documents\personalbackedup\university\term 2\real-time rendering techniques\directx\assimgment\assigment\dx11_cs3s664\shaders\cso\screen_quad_vs.cso
c:\users\youngone\documents\personalbackedup\university\term 2\real-time rendering techniques\directx\assimgment\assigment\dx11_cs3s664\shaders\cso\sky_box_ps.cso
c:\users\youngone\documents\personalbackedup\university\term 2\real-time rendering techniques\directx\assimgment\assigment\dx11_cs3s664\shaders\cso\sky_box_vs.cso
c:\users\youngone\documents\personalbackedup\university\term 2\real-time rendering techniques\directx\assimgment\assigment\dx11_cs3s664\shaders\cso\tree_ps.cso
c:\users\youngone\documents\personalbackedup\university\term 2\real-time rendering techniques\directx\assimgment\assigment\dx11_cs3s664\shaders\cso\tree_vs.cso
c:\users\youngone\documents\personalbackedup\university\term 2\real-time rendering techniques\directx\assimgment\assigment\dx11_cs3s664 - completed\shaders\cso\basic_colour_ps.cso
c:\users\youngone\documents\personalbackedup\university\term 2\real-time rendering techniques\directx\assimgment\assigment\dx11_cs3s664 - completed\shaders\cso\basic_colour_vs.cso
c:\users\youngone\documents\personalbackedup\university\term 2\real-time rendering techniques\directx\assimgment\assigment\dx11_cs3s664 - completed\shaders\cso\basic_lighting_vs.cso
c:\users\youngone\documents\personalbackedup\university\term 2\real-time rendering techniques\directx\assimgment\assigment\dx11_cs3s664 - completed\shaders\cso\basic_texture_ps.cso
c:\users\youngone\documents\personalbackedup\university\term 2\real-time rendering techniques\directx\assimgment\assigment\dx11_cs3s664 - completed\shaders\cso\basic_texture_vs.cso
c:\users\youngone\documents\personalbackedup\university\term 2\real-time rendering techniques\directx\assimgment\assigment\dx11_cs3s664 - completed\shaders\cso\convolve_u_ps.cso
c:\users\youngone\documents\personalbackedup\university\term 2\real-time rendering techniques\directx\assimgment\assigment\dx11_cs3s664 - completed\shaders\cso\convolve_v_ps.cso
c:\users\youngone\documents\personalbackedup\university\term 2\real-time rendering techniques\directx\assimgment\assigment\dx11_cs3s664 - completed\shaders\cso\copy_depth_ps.cso
c:\users\youngone\documents\personalbackedup\university\term 2\real-time rendering techniques\directx\assimgment\assigment\dx11_cs3s664 - completed\shaders\cso\copy_ps.cso
c:\users\youngone\documents\personalbackedup\university\term 2\real-time rendering techniques\directx\assimgment\assigment\dx11_cs3s664 - completed\shaders\cso\emissive_ps.cso
c:\users\youngone\documents\personalbackedup\university\term 2\real-time rendering techniques\directx\assimgment\assigment\dx11_cs3s664 - completed\shaders\cso\fire_ps.cso
c:\users\youngone\documents\personalbackedup\university\term 2\real-time rendering techniques\directx\assimgment\assigment\dx11_cs3s664 - completed\shaders\cso\fire_vs.cso
c:\users\youngone\documents\personalbackedup\university\term 2\real-time rendering techniques\directx\assimgment\assigment\dx11_cs3s664 - completed\shaders\cso\grass_ps.cso
c:\users\youngone\documents\personalbackedup\university\term 2\real-time rendering techniques\directx\assimgment\assigment\dx11_cs3s664 - completed\shaders\cso\grass_vs.cso
c:\users\youngone\documents\personalbackedup\university\term 2\real-time rendering techniques\directx\assimgment\assigment\dx11_cs3s664 - completed\shaders\cso\normal_map_ppl_ps.cso
c:\users\youngone\documents\personalbackedup\university\term 2\real-time rendering techniques\directx\assimgment\assigment\dx11_cs3s664 - completed\shaders\cso\normal_map_ppl_vs.cso
c:\users\youngone\documents\personalbackedup\university\term 2\real-time rendering techniques\directx\assimgment\assigment\dx11_cs3s664 - completed\shaders\cso\ocean_ps.cso
c:\users\youngone\documents\personalbackedup\university\term 2\real-time rendering techniques\directx\assimgment\assigment\dx11_cs3s664 - completed\shaders\cso\ocean_vs.cso
c:\users\youngone\documents\personalbackedup\university\term 2\real-time rendering techniques\directx\assimgment\assigment\dx11_cs3s664 - completed\shaders\cso\per_pixel_lighting_ps.cso
c:\users\youngone\documents\personalbackedup\university\term 2\real-time rendering techniques\directx\assimgment\assigment\dx11_cs3s664 - completed\shaders\cso\per_pixel_lighting_vs.cso
c:\users\youngone\documents\personalbackedup\university\term 2\real-time rendering techniques\directx\assimgment\assigment\dx11_cs3s664 - completed\shaders\cso\reflection_map_ps.cso
c:\users\youngone\documents\personalbackedup\university\term 2\real-time rendering techniques\directx\assimgment\assigment\dx11_cs3s664 - completed\shaders\cso\reflection_map_vs.cso
c:\users\youngone\documents\personalbackedup\university\term 2\real-time rendering techniques\directx\assimgment\assigment\dx11_cs3s664 - completed\shaders\cso\screen_quad_vs.cso
c:\users\youngone\documents\personalbackedup\university\term 2\real-time rendering techniques\directx\assimgment\assigment\dx11_cs3s664 - completed\shaders\cso\sky_box_ps.cso
c:\users\youngone\documents\personalbackedup\university\term 2\real-time rendering techniques\directx\assimgment\assigment\dx11_cs3s664 - completed\shaders\cso\sky_box_vs.cso
c:\users\youngone\documents\personalbackedup\university\term 2\real-time rendering techniques\directx\assimgment\assigment\dx11_cs3s664 - completed\shaders\cso\tree_ps.cso
c:\users\youngone\documents\personalbackedup\university\term 2\real-time rendering techniques\directx\assimgment\assigment\dx11_cs3s664 - completed\shaders\cso\tree_vs.cso
c:\users\youngone\documents\personalbackedup\university\term 2\real-time rendering techniques\directx\assimgment\assigment\dx11_cs3s664\debug\dx11proj.exe
c:\users\youngone\documents\personalbackedup\university\term 2\real-time rendering techniques\directx\assimgment\assigment\dx11_cs3s664\debug\dx11proj.ilk
c:\users\youngone\documents\personalbackedup\university\term 2\real-time rendering techniques\directx\assimgment\assigment\dx11_cs3s664\debug\dx11proj.pdb
c:\users\youngone\documents\personalbackedup\university\term 2\real-time rendering techniques\directx\assimgment\assigment\dx11_cs3s664 - completed\debug\dx11proj.exe
c:\users\youngone\documents\personalbackedup\university\term 2\real-time rendering techniques\directx\assimgment\assigment\dx11_cs3s664 - completed\debug\dx11proj.ilk
c:\users\youngone\documents\personalbackedup\university\term 2\real-time rendering techniques\directx\assimgment\assigment\dx11_cs3s664 - completed\debug\dx11proj.pdb
c:\users\youngone\documents\personalbackedup\university\term 2\real-time rendering techniques\directx\assimgment\assigment\dx11_cs3s664\debug\dx11proj.tlog\cl.command.1.tlog
c:\users\youngone\documents\personalbackedup\university\term 2\real-time rendering techniques\directx\assimgment\assigment\dx11_cs3s664\debug\dx11proj.tlog\cl.read.1.tlog
c:\users\youngone\documents\personalbackedup\university\term 2\real-time rendering techniques\directx\assimgment\assigment\dx11_cs3s664\debug\dx11proj.tlog\cl.write.1.tlog
c:\users\youngone\documents\personalbackedup\university\term 2\real-time rendering techniques\directx\assimgment\assigment\dx11_cs3s664\debug\dx11proj.tlog\fxc.command.1.tlog
c:\users\youngone\documents\personalbackedup\university\term 2\real-time rendering techniques\directx\assimgment\assigment\dx11_cs3s664\debug\dx11proj.tlog\fxc.read.1.tlog
c:\users\youngone\documents\personalbackedup\university\term 2\real-time rendering techniques\directx\assimgment\assigment\dx11_cs3s664\debug\dx11proj.tlog\fxc.write.1.tlog
c:\users\youngone\documents\personalbackedup\university\term 2\real-time rendering techniques\directx\assimgment\assigment\dx11_cs3s664\debug\dx11proj.tlog\link.command.1.tlog
c:\users\youngone\documents\personalbackedup\university\term 2\real-time rendering techniques\directx\assimgment\assigment\dx11_cs3s664\debug\dx11proj.tlog\link.read.1.tlog
c:\users\youngone\documents\personalbackedup\university\term 2\real-time rendering techniques\directx\assimgment\assigment\dx11_cs3s664\debug\dx11proj.tlog\link.write.1.tlog
